[debug] [2025-02-11T18:38:50.757Z] ----------------------------------------------------------------------
[debug] [2025-02-11T18:38:50.762Z] Command:       C:\Program Files\nodejs\node.exe C:\Users\APOOR\AppData\Roaming\npm\node_modules\firebase-tools\lib\bin\firebase.js init hosting
[debug] [2025-02-11T18:38:50.763Z] CLI Version:   13.30.0
[debug] [2025-02-11T18:38:50.764Z] Platform:      win32
[debug] [2025-02-11T18:38:50.764Z] Node Version:  v22.13.1
[debug] [2025-02-11T18:38:50.764Z] Time:          Wed Feb 12 2025 00:08:50 GMT+0530 (India Standard Time)
[debug] [2025-02-11T18:38:50.764Z] ----------------------------------------------------------------------
[debug] 
[debug] [2025-02-11T18:38:50.776Z] > command requires scopes: ["email","openid","https://www.googleapis.com/auth/cloudplatformprojects.readonly","https://www.googleapis.com/auth/firebase","https://www.googleapis.com/auth/cloud-platform"]
[debug] [2025-02-11T18:38:50.777Z] > authorizing via signed-in user (apoorvaaloknathgupta@gmail.com)
[info] 
     ######## #### ########  ######## ########     ###     ######  ########
     ##        ##  ##     ## ##       ##     ##  ##   ##  ##       ##
     ######    ##  ########  ######   ########  #########  ######  ######
     ##        ##  ##    ##  ##       ##     ## ##     ##       ## ##
     ##       #### ##     ## ######## ########  ##     ##  ######  ########

You're about to initialize a Firebase project in this directory:

  C:\Users\APOOR\valentines-escape-room

[info] 
=== Project Setup
[info] 
[info] First, let's associate this project directory with a Firebase project.
[info] You can create multiple project aliases by running firebase use --add, 
[info] but for now we'll just set up a default project.
[info] 
[debug] [2025-02-11T18:38:58.227Z] Checked if tokens are valid: true, expires at: 1739302513595
[debug] [2025-02-11T18:38:58.228Z] Checked if tokens are valid: true, expires at: 1739302513595
[debug] [2025-02-11T18:38:58.231Z] >>> [apiv2][query] GET https://firebase.googleapis.com/v1beta1/availableProjects pageSize=100
[debug] [2025-02-11T18:39:00.165Z] <<< [apiv2][status] GET https://firebase.googleapis.com/v1beta1/availableProjects 200
[debug] [2025-02-11T18:39:00.165Z] <<< [apiv2][body] GET https://firebase.googleapis.com/v1beta1/availableProjects [omitted]
[debug] [2025-02-11T18:39:15.664Z] ----------------------------------------------------------------------
[debug] [2025-02-11T18:39:15.668Z] Command:       C:\Program Files\nodejs\node.exe C:\Users\APOOR\AppData\Roaming\npm\node_modules\firebase-tools\lib\bin\firebase.js init hosting
[debug] [2025-02-11T18:39:15.669Z] CLI Version:   13.30.0
[debug] [2025-02-11T18:39:15.669Z] Platform:      win32
[debug] [2025-02-11T18:39:15.669Z] Node Version:  v22.13.1
[debug] [2025-02-11T18:39:15.669Z] Time:          Wed Feb 12 2025 00:09:15 GMT+0530 (India Standard Time)
[debug] [2025-02-11T18:39:15.669Z] ----------------------------------------------------------------------
[debug] 
[debug] [2025-02-11T18:39:15.683Z] > command requires scopes: ["email","openid","https://www.googleapis.com/auth/cloudplatformprojects.readonly","https://www.googleapis.com/auth/firebase","https://www.googleapis.com/auth/cloud-platform"]
[debug] [2025-02-11T18:39:15.684Z] > authorizing via signed-in user (apoorvaaloknathgupta@gmail.com)
[info] 
     ######## #### ########  ######## ########     ###     ######  ########
     ##        ##  ##     ## ##       ##     ##  ##   ##  ##       ##
     ######    ##  ########  ######   ########  #########  ######  ######
     ##        ##  ##    ##  ##       ##     ## ##     ##       ## ##
     ##       #### ##     ## ######## ########  ##     ##  ######  ########

You're about to initialize a Firebase project in this directory:

  C:\Users\APOOR\valentines-escape-room

[info] 
=== Project Setup
[info] 
[info] First, let's associate this project directory with a Firebase project.
[info] You can create multiple project aliases by running firebase use --add, 
[info] but for now we'll just set up a default project.
[info] 
[info] i  If you want to create a project in a Google Cloud organization or folder, please use "firebase projects:create" instead, and return to this command when you've created the project. 
[debug] [2025-02-11T18:39:37.031Z] Checked if tokens are valid: true, expires at: 1739302513595
[debug] [2025-02-11T18:39:37.032Z] Checked if tokens are valid: true, expires at: 1739302513595
[debug] [2025-02-11T18:39:37.036Z] >>> [apiv2][query] POST https://cloudresourcemanager.googleapis.com/v1/projects [none]
[debug] [2025-02-11T18:39:37.036Z] >>> [apiv2][body] POST https://cloudresourcemanager.googleapis.com/v1/projects {"projectId":"escape-room","name":"escape-room"}
[debug] [2025-02-11T18:39:38.796Z] <<< [apiv2][status] POST https://cloudresourcemanager.googleapis.com/v1/projects 409
[debug] [2025-02-11T18:39:38.797Z] <<< [apiv2][body] POST https://cloudresourcemanager.googleapis.com/v1/projects {"error":{"code":409,"message":"Requested entity already exists","status":"ALREADY_EXISTS"}}
[debug] [2025-02-11T18:39:39.082Z] FirebaseError: Request to https://cloudresourcemanager.googleapis.com/v1/projects had HTTP Error: 409, Requested entity already exists
    at responseToError (C:\Users\APOOR\AppData\Roaming\npm\node_modules\firebase-tools\lib\responseToError.js:52:12)
    at RetryOperation._fn (C:\Users\APOOR\AppData\Roaming\npm\node_modules\firebase-tools\lib\apiv2.js:312:77)
    at process.processTicksAndRejections (node:internal/process/task_queues:105:5)
[error] 
[error] Error: Failed to create project because there is already a project with ID escape-room. Please try again with a unique project ID.
